Jul 08, 2018 8:05:19 PM com.concordia.dsd.server.UDP.UDPServer run
INFO: UDP DDO Server Initiated
Jul 08, 2018 8:05:59 PM com.concordia.dsd.server.manager.StudentManager insertRecord
INFO: Created student record: Record ID = SR00001 by manager DDO0001
Jul 08, 2018 8:06:24 PM com.concordia.dsd.server.manager.TeacherManager insertRecord
INFO: Created teacher record: Record ID = TR00001 by manager DDO0001
Jul 08, 2018 8:09:13 PM com.concordia.dsd.server.UDP.UDPServer run
INFO: UDP DDO Server Initiated
Jul 08, 2018 8:09:40 PM com.concordia.dsd.server.manager.StudentManager insertRecord
INFO: Created student record: Record ID = SR00001 by manager DDO0001
Jul 08, 2018 8:09:43 PM com.concordia.dsd.server.UDP.UDPManager getRecordCounts
INFO: Get Record Counts: DDO 1, MTL 0, LVL 0 requested by manager: DDO0001
Jul 08, 2018 8:09:57 PM com.concordia.dsd.server.manager.TeacherManager insertRecord
INFO: Created teacher record: Record ID = TR00001 by manager DDO0001
Jul 08, 2018 8:09:59 PM com.concordia.dsd.server.UDP.UDPManager getRecordCounts
INFO: Get Record Counts: DDO 2, MTL 0, LVL 0 requested by manager: DDO0001
Jul 08, 2018 8:10:20 PM com.concordia.dsd.server.UDP.UDPManager transferRecord
INFO: Record TR00001 Transferred Successfully by DDO0001
Jul 08, 2018 8:10:23 PM com.concordia.dsd.server.UDP.UDPManager getRecordCounts
INFO: Get Record Counts: DDO 1, MTL 0, LVL 0 requested by manager: DDO0001
Jul 08, 2018 8:11:03 PM com.concordia.dsd.server.UDP.UDPManager getRecordCounts
INFO: Get Record Counts: DDO 1, MTL 0, LVL 0 requested by manager: DDO0001
Jul 08, 2018 8:11:20 PM com.concordia.dsd.server.UDP.UDPManager transferRecord
INFO: Record SR00001 Transferred Successfully by DDO0001
Jul 08, 2018 8:11:23 PM com.concordia.dsd.server.UDP.UDPManager getRecordCounts
INFO: Get Record Counts: DDO 0, MTL 0, LVL 1 requested by manager: DDO0001
Jul 08, 2018 8:11:59 PM com.concordia.dsd.server.UDP.UDPRequest run
INFO: UDP Request initiated to retrieve from DDO Server on localhost/127.0.0.1:3456
Jul 08, 2018 8:11:59 PM com.concordia.dsd.server.UDP.UDPRequest run
INFO: UDP Request completed to retrieve from DDO Server on localhost/127.0.0.1:3456 with Record Count: 0
Jul 08, 2018 8:12:20 PM com.concordia.dsd.server.UDP.UDPRequest run
INFO: UDP Request initiated to retrieve from DDO Server on localhost/127.0.0.1:3456
Jul 08, 2018 8:12:20 PM com.concordia.dsd.server.UDP.UDPRequest run
INFO: UDP Request completed to retrieve from DDO Server on localhost/127.0.0.1:3456 with Record Count: 0
Jul 08, 2018 8:12:59 PM com.concordia.dsd.server.UDP.UDPRequest run
INFO: UDP Request initiated to retrieve from DDO Server on localhost/127.0.0.1:3456
Jul 08, 2018 8:12:59 PM com.concordia.dsd.server.UDP.UDPRequest run
INFO: UDP Request completed to retrieve from DDO Server on localhost/127.0.0.1:3456 with Record Count: 0
Jul 08, 2018 8:15:08 PM com.concordia.dsd.server.UDP.UDPServer run
INFO: UDP DDO Server Initiated
Jul 08, 2018 8:15:35 PM com.concordia.dsd.server.manager.StudentManager insertRecord
INFO: Created student record: Record ID = SR00001 by manager DDO0001
Jul 08, 2018 8:15:48 PM com.concordia.dsd.server.manager.TeacherManager insertRecord
INFO: Created teacher record: Record ID = TR00001 by manager DDO0001
Jul 08, 2018 8:16:08 PM com.concordia.dsd.server.generics.CenterServerImpl transferRecord
SEVERE: Failed to update record: Record %s Not Found
Jul 08, 2018 8:16:13 PM com.concordia.dsd.server.UDP.UDPManager getRecordCounts
INFO: Get Record Counts: DDO 2, MTL 0, LVL 0 requested by manager: DDO0001
Jul 08, 2018 8:17:23 PM com.concordia.dsd.server.UDP.UDPManager transferRecord
INFO: Record TR00001 Transferred Successfully by DDO0001
Jul 08, 2018 8:17:26 PM com.concordia.dsd.server.UDP.UDPManager getRecordCounts
INFO: Get Record Counts: DDO 1, MTL 1, LVL 0 requested by manager: DDO0001
Jul 08, 2018 8:17:56 PM com.concordia.dsd.server.manager.StudentManager updateRecord
INFO: Updated field status of record with the value inactive : Record ID = SR00001 by manager DDO0001
