Jun 15, 2018 12:45:53 PM com.concordia.dsd.server.UDP.UDPServer initializeServerSocket
SEVERE: Address already in use: Cannot bind
Jun 15, 2018 12:45:53 PM com.concordia.dsd.server.UDP.UDPServer run
INFO: UDP LVL Server Initiated
Jun 15, 2018 11:26:28 PM com.concordia.dsd.server.UDP.UDPServer run
INFO: UDP LVL Server Initiated
Jun 15, 2018 11:33:49 PM com.concordia.dsd.server.UDP.UDPServer run
INFO: UDP LVL Server Initiated
Jun 15, 2018 11:33:54 PM com.concordia.dsd.server.UDP.UDPServer run
INFO: UDP LVL Server Initiated
Jun 15, 2018 11:34:04 PM com.concordia.dsd.server.UDP.UDPServer run
INFO: UDP LVL Server Initiated
Jun 15, 2018 11:34:37 PM com.concordia.dsd.server.UDP.UDPServer run
INFO: UDP LVL Server Initiated
Jun 15, 2018 11:35:11 PM com.concordia.dsd.server.UDP.UDPServer run
INFO: UDP LVL Server Initiated
Jun 16, 2018 1:09:07 AM com.concordia.dsd.server.UDP.UDPServer run
INFO: UDP LVL Server Initiated
Jun 16, 2018 1:15:53 AM com.concordia.dsd.server.UDP.UDPServer run
INFO: UDP LVL Server Initiated
Jun 16, 2018 1:20:52 AM com.concordia.dsd.server.UDP.UDPServer run
INFO: UDP LVL Server Initiated
Jun 16, 2018 11:48:25 AM com.concordia.dsd.server.UDP.UDPServer run
INFO: UDP LVL Server Initiated
Jun 16, 2018 3:41:04 PM com.concordia.dsd.server.UDP.UDPServer run
INFO: UDP LVL Server Initiated
Jun 16, 2018 7:30:36 PM com.concordia.dsd.server.UDP.UDPServer run
INFO: UDP LVL Server Initiated
Jun 16, 2018 7:33:13 PM com.concordia.dsd.server.UDP.UDPServer run
INFO: UDP LVL Server Initiated
Jun 16, 2018 7:35:02 PM com.concordia.dsd.server.UDP.UDPServer run
INFO: UDP LVL Server Initiated
Jun 16, 2018 7:39:55 PM com.concordia.dsd.server.generics.CenterServerImpl editRecord
SEVERE: Failed to update record: Record SR00001 Not Found
Jun 16, 2018 7:43:22 PM com.concordia.dsd.server.UDP.UDPServer run
INFO: UDP LVL Server Initiated
Jun 16, 2018 7:55:08 PM com.concordia.dsd.server.UDP.UDPServer run
INFO: UDP LVL Server Initiated
Jun 17, 2018 4:09:05 PM com.concordia.dsd.server.UDP.UDPServer run
INFO: UDP LVL Server Initiated
Jun 17, 2018 4:09:32 PM com.concordia.dsd.server.UDP.UDPServer run
INFO: UDP LVL Server Initiated
Jun 17, 2018 4:10:29 PM com.concordia.dsd.server.UDP.UDPServer run
INFO: UDP LVL Server Initiated
Jun 17, 2018 4:13:12 PM com.concordia.dsd.server.manager.StudentManager insertRecord
INFO: Created student record: Record ID = SR00001  
Jun 17, 2018 5:01:12 PM com.concordia.dsd.server.generics.CenterServerImpl editRecord
SEVERE: Failed to update record: Record sr00001 Not Found
Jun 17, 2018 5:05:55 PM com.concordia.dsd.server.manager.StudentManager insertRecord
INFO: Created student record: Record ID = SR00002  
Jun 17, 2018 5:06:52 PM com.concordia.dsd.server.UDP.UDPServer run
INFO: UDP LVL Server Initiated
Jun 17, 2018 5:07:35 PM com.concordia.dsd.server.manager.StudentManager insertRecord
INFO: Created student record: Record ID = SR00001  
Jun 17, 2018 5:14:36 PM com.concordia.dsd.server.manager.StudentManager updateRecord
INFO: Updated field status of record with the value inactive : Record ID = SR00001   
Jun 17, 2018 5:15:21 PM com.concordia.dsd.server.UDP.UDPServer run
INFO: UDP LVL Server Initiated
Jun 17, 2018 5:21:27 PM com.concordia.dsd.server.UDP.UDPServer run
INFO: UDP LVL Server Initiated
Jun 17, 2018 5:43:26 PM com.concordia.dsd.server.UDP.UDPServer run
INFO: UDP LVL Server Initiated
Jun 17, 2018 5:45:42 PM com.concordia.dsd.server.UDP.UDPServer run
INFO: UDP LVL Server Initiated
Jun 17, 2018 5:54:20 PM com.concordia.dsd.server.UDP.UDPServer run
INFO: UDP LVL Server Initiated
Jun 17, 2018 5:59:36 PM com.concordia.dsd.server.UDP.UDPServer run
INFO: UDP LVL Server Initiated
Jun 17, 2018 6:10:14 PM com.concordia.dsd.server.UDP.UDPServer run
INFO: UDP LVL Server Initiated
Jun 17, 2018 8:50:36 PM com.concordia.dsd.server.UDP.UDPServer run
INFO: UDP LVL Server Initiated
Jun 17, 2018 8:52:01 PM com.concordia.dsd.server.UDP.UDPServer run
INFO: UDP LVL Server Initiated
Jun 17, 2018 9:02:24 PM com.concordia.dsd.server.UDP.UDPServer run
INFO: UDP LVL Server Initiated
Jun 17, 2018 9:06:37 PM com.concordia.dsd.server.UDP.UDPServer run
INFO: UDP LVL Server Initiated
Jun 17, 2018 11:08:50 PM com.concordia.dsd.server.UDP.UDPServer run
INFO: UDP LVL Server Initiated
Jun 18, 2018 11:48:26 AM com.concordia.dsd.server.UDP.UDPServer run
INFO: UDP LVL Server Initiated
Jun 18, 2018 11:48:47 AM com.concordia.dsd.server.manager.TeacherManager insertRecord
INFO: Created teacher record: Record ID = TR00001 by manager MTL0012  
Jun 18, 2018 11:48:47 AM com.concordia.dsd.server.manager.TeacherManager insertRecord
INFO: Created teacher record: Record ID = TR00002 by manager MTL0012  
Jun 18, 2018 11:48:47 AM com.concordia.dsd.server.UDP.UDPRequest run
INFO: UDP Request initiated to retrieve from LVL Server on localhost/127.0.0.1:2345
Jun 18, 2018 11:48:47 AM com.concordia.dsd.server.UDP.UDPRequest run
INFO: UDP Request completed to retrieve from LVL Server on localhost/127.0.0.1:2345 with Record Count: 2
Jun 18, 2018 11:50:31 AM com.concordia.dsd.server.manager.TeacherManager insertRecord
INFO: Created teacher record: Record ID = TR00003 by manager MTL0012  
Jun 18, 2018 11:50:31 AM com.concordia.dsd.server.manager.TeacherManager insertRecord
INFO: Created teacher record: Record ID = TR00004 by manager MTL0012  
Jun 18, 2018 11:50:32 AM com.concordia.dsd.server.UDP.UDPRequest run
INFO: UDP Request initiated to retrieve from LVL Server on localhost/127.0.0.1:2345
Jun 18, 2018 11:50:32 AM com.concordia.dsd.server.UDP.UDPRequest run
INFO: UDP Request completed to retrieve from LVL Server on localhost/127.0.0.1:2345 with Record Count: 4
Jun 18, 2018 11:51:33 AM com.concordia.dsd.server.manager.TeacherManager insertRecord
INFO: Created teacher record: Record ID = TR00005 by manager MTL0012  
Jun 18, 2018 11:51:33 AM com.concordia.dsd.server.manager.TeacherManager insertRecord
INFO: Created teacher record: Record ID = TR00006 by manager MTL0012  
Jun 18, 2018 11:51:33 AM com.concordia.dsd.server.UDP.UDPRequest run
INFO: UDP Request initiated to retrieve from LVL Server on localhost/127.0.0.1:2345
Jun 18, 2018 11:51:33 AM com.concordia.dsd.server.UDP.UDPRequest run
INFO: UDP Request completed to retrieve from LVL Server on localhost/127.0.0.1:2345 with Record Count: 6
Jun 18, 2018 11:56:12 AM com.concordia.dsd.server.UDP.UDPServer run
INFO: UDP LVL Server Initiated
Jun 18, 2018 11:56:27 AM com.concordia.dsd.server.manager.TeacherManager insertRecord
INFO: Created teacher record: Record ID = TR00001 by manager MTL0012
Jun 18, 2018 11:56:27 AM com.concordia.dsd.server.manager.StudentManager insertRecord
INFO: Created student record: Record ID = SR00001 by manager MTL0012
Jun 18, 2018 11:56:27 AM com.concordia.dsd.server.manager.TeacherManager insertRecord
INFO: Created teacher record: Record ID = TR00002 by manager MTL0012
Jun 18, 2018 11:56:27 AM com.concordia.dsd.server.manager.StudentManager insertRecord
INFO: Created student record: Record ID = SR00002 by manager MTL0012
Jun 18, 2018 11:56:27 AM com.concordia.dsd.server.UDP.UDPRequest run
INFO: UDP Request initiated to retrieve from LVL Server on localhost/127.0.0.1:2345
Jun 18, 2018 11:56:27 AM com.concordia.dsd.server.UDP.UDPRequest run
INFO: UDP Request completed to retrieve from LVL Server on localhost/127.0.0.1:2345 with Record Count: 4
Jun 18, 2018 11:56:49 AM com.concordia.dsd.server.UDP.UDPRequest run
INFO: UDP Request initiated to retrieve from LVL Server on localhost/127.0.0.1:2345
Jun 18, 2018 11:56:49 AM com.concordia.dsd.server.UDP.UDPRequest run
INFO: UDP Request completed to retrieve from LVL Server on localhost/127.0.0.1:2345 with Record Count: 4
Jun 20, 2018 12:02:31 AM com.concordia.dsd.server.UDP.UDPServer run
INFO: UDP LVL Server Initiated
Jun 20, 2018 12:05:18 AM com.concordia.dsd.server.UDP.UDPServer run
INFO: UDP LVL Server Initiated
Jun 20, 2018 12:06:27 AM com.concordia.dsd.server.UDP.UDPServer run
INFO: UDP LVL Server Initiated
Jun 20, 2018 12:07:55 AM com.concordia.dsd.server.UDP.UDPServer run
INFO: UDP LVL Server Initiated
Jun 20, 2018 12:12:34 AM com.concordia.dsd.server.UDP.UDPServer run
INFO: UDP LVL Server Initiated
Jun 20, 2018 12:13:46 AM com.concordia.dsd.server.UDP.UDPServer run
INFO: UDP LVL Server Initiated
Jun 20, 2018 12:15:04 AM com.concordia.dsd.server.UDP.UDPRequest run
INFO: UDP Request initiated to retrieve from LVL Server on localhost/127.0.0.1:2345
Jun 20, 2018 12:15:04 AM com.concordia.dsd.server.UDP.UDPRequest run
INFO: UDP Request completed to retrieve from LVL Server on localhost/127.0.0.1:2345 with Record Count: 0
Jun 20, 2018 12:21:19 AM com.concordia.dsd.server.UDP.UDPRequest run
INFO: UDP Request initiated to retrieve from LVL Server on localhost/127.0.0.1:2345
Jun 20, 2018 12:21:19 AM com.concordia.dsd.server.UDP.UDPRequest run
INFO: UDP Request completed to retrieve from LVL Server on localhost/127.0.0.1:2345 with Record Count: 0
Jun 20, 2018 12:22:03 AM com.concordia.dsd.server.UDP.UDPRequest run
INFO: UDP Request initiated to retrieve from LVL Server on localhost/127.0.0.1:2345
Jun 20, 2018 12:22:03 AM com.concordia.dsd.server.UDP.UDPRequest run
INFO: UDP Request completed to retrieve from LVL Server on localhost/127.0.0.1:2345 with Record Count: 0
Jun 20, 2018 12:23:56 AM com.concordia.dsd.server.UDP.UDPRequest run
INFO: UDP Request initiated to retrieve from LVL Server on localhost/127.0.0.1:2345
Jun 20, 2018 12:23:56 AM com.concordia.dsd.server.UDP.UDPRequest run
INFO: UDP Request completed to retrieve from LVL Server on localhost/127.0.0.1:2345 with Record Count: 0
Jun 20, 2018 12:25:15 AM com.concordia.dsd.server.manager.StudentManager insertRecord
INFO: Created student record: Record ID = SR00001 by manager MTL0001
Jun 20, 2018 12:25:15 AM com.concordia.dsd.server.UDP.UDPRequest run
INFO: UDP Request initiated to retrieve from LVL Server on localhost/127.0.0.1:2345
Jun 20, 2018 12:25:15 AM com.concordia.dsd.server.UDP.UDPRequest run
INFO: UDP Request completed to retrieve from LVL Server on localhost/127.0.0.1:2345 with Record Count: 1
Jun 20, 2018 12:25:23 AM com.concordia.dsd.server.UDP.UDPRequest run
INFO: UDP Request initiated to retrieve from LVL Server on localhost/127.0.0.1:2345
Jun 20, 2018 12:25:23 AM com.concordia.dsd.server.UDP.UDPRequest run
INFO: UDP Request completed to retrieve from LVL Server on localhost/127.0.0.1:2345 with Record Count: 1
Jun 20, 2018 12:25:40 AM com.concordia.dsd.server.UDP.UDPRequest run
INFO: UDP Request initiated to retrieve from LVL Server on localhost/127.0.0.1:2345
Jun 20, 2018 12:25:40 AM com.concordia.dsd.server.UDP.UDPRequest run
INFO: UDP Request completed to retrieve from LVL Server on localhost/127.0.0.1:2345 with Record Count: 1
Jun 20, 2018 12:28:11 AM com.concordia.dsd.server.manager.StudentManager insertRecord
INFO: Created student record: Record ID = SR00002 by manager MTL0001
Jun 20, 2018 12:28:11 AM com.concordia.dsd.server.UDP.UDPRequest run
INFO: UDP Request initiated to retrieve from LVL Server on localhost/127.0.0.1:2345
Jun 20, 2018 12:28:11 AM com.concordia.dsd.server.UDP.UDPRequest run
INFO: UDP Request completed to retrieve from LVL Server on localhost/127.0.0.1:2345 with Record Count: 2
Jun 20, 2018 12:30:21 AM com.concordia.dsd.server.UDP.UDPServer run
INFO: UDP LVL Server Initiated
Jun 20, 2018 12:31:28 AM com.concordia.dsd.server.UDP.UDPRequest run
INFO: UDP Request initiated to retrieve from LVL Server on localhost/127.0.0.1:2345
Jun 20, 2018 12:31:28 AM com.concordia.dsd.server.UDP.UDPRequest run
INFO: UDP Request completed to retrieve from LVL Server on localhost/127.0.0.1:2345 with Record Count: 0
Jun 20, 2018 12:32:14 AM com.concordia.dsd.server.manager.StudentManager insertRecord
INFO: Created student record: Record ID = SR00001 by manager MTL0001
Jun 20, 2018 12:32:14 AM com.concordia.dsd.server.UDP.UDPRequest run
INFO: UDP Request initiated to retrieve from LVL Server on localhost/127.0.0.1:2345
Jun 20, 2018 12:32:14 AM com.concordia.dsd.server.UDP.UDPRequest run
INFO: UDP Request completed to retrieve from LVL Server on localhost/127.0.0.1:2345 with Record Count: 1
Jun 20, 2018 1:01:37 AM com.concordia.dsd.server.UDP.UDPServer run
INFO: UDP LVL Server Initiated
Jun 20, 2018 1:02:54 AM com.concordia.dsd.server.manager.StudentManager insertRecord
INFO: Created student record: Record ID = SR00001 by manager MTL0001
Jun 20, 2018 1:02:54 AM com.concordia.dsd.server.UDP.UDPRequest run
INFO: UDP Request initiated to retrieve from LVL Server on localhost/127.0.0.1:2345
Jun 20, 2018 1:02:54 AM com.concordia.dsd.server.UDP.UDPRequest run
INFO: UDP Request completed to retrieve from LVL Server on localhost/127.0.0.1:2345 with Record Count: 1
