Jun 20, 2018 12:27:38 AM com.concordia.dsd.server.manager.StudentManager insertRecord
INFO: Created student record: Record ID = SR00002 by manager MTL0001
Jun 20, 2018 12:28:11 AM com.concordia.dsd.server.manager.StudentManager updateRecord
INFO: Updated field status of record with the value inactive : Record ID = SR00002 by manager MTL0001
Jun 20, 2018 12:28:11 AM com.concordia.dsd.server.UDP.UDPManager transferRecord
INFO: Record SR00002 Transferred Successfully by MTL0001
Jun 20, 2018 12:30:21 AM com.concordia.dsd.server.UDP.UDPServer run
INFO: UDP MTL Server Initiated
Jun 20, 2018 12:31:01 AM com.concordia.dsd.server.manager.StudentManager insertRecord
INFO: Created student record: Record ID = SR00001 by manager MTL0001
Jun 20, 2018 12:31:26 AM com.concordia.dsd.server.manager.TeacherManager insertRecord
INFO: Created teacher record: Record ID = TR00001 by manager MTL0001
Jun 20, 2018 12:31:28 AM com.concordia.dsd.server.UDP.UDPManager getRecordCounts
INFO: Get Record Counts: MTL 2, LVL 0, DDO 0
Jun 20, 2018 12:31:35 AM com.concordia.dsd.server.generics.CenterServerImpl transferRecord
SEVERE: Failed to update record: Record %s Not Found
Jun 20, 2018 12:31:35 AM com.concordia.dsd.server.generics.CenterServerImpl editRecord
SEVERE: Failed to update record: Record %s Not Found
Jun 20, 2018 12:32:11 AM com.concordia.dsd.server.manager.StudentManager insertRecord
INFO: Created student record: Record ID = SR00002 by manager MTL0001
Jun 20, 2018 12:32:14 AM com.concordia.dsd.server.manager.StudentManager updateRecord
INFO: Updated field status of record with the value inactive : Record ID = SR00002 by manager MTL0001
Jun 20, 2018 12:32:14 AM com.concordia.dsd.server.UDP.UDPManager transferRecord
INFO: Record SR00002 Transferred Successfully by MTL0001
